{"synthetic": false,
 "schemaVersion": "2025-09-10",
 "outputs":
 {"o": ["031f97d011f8655c.olean"],
  "i": "5a72e73dd3fa6ff5.ilean",
  "c": "1391ec2f4838bab1.c"},
 "log":
 [{"message":
   ".> LEAN_PATH=C:\\Users\\a\\Documents\\uka.lean\\.lake\\build\\lib\\lean;C:\\Users\\a\\Documents\\uka.lean\\examples\\sample-ghost\\.lake\\build\\lib\\lean c:\\Users\\a\\.elan\\toolchains\\leanprover--lean4---v4.28.0\\bin\\lean.exe C:\\Users\\a\\Documents\\uka.lean\\examples\\sample-ghost\\SampleGhost.lean -o C:\\Users\\a\\Documents\\uka.lean\\examples\\sample-ghost\\.lake\\build\\lib\\lean\\SampleGhost.olean -i C:\\Users\\a\\Documents\\uka.lean\\examples\\sample-ghost\\.lake\\build\\lib\\lean\\SampleGhost.ilean -c C:\\Users\\a\\Documents\\uka.lean\\examples\\sample-ghost\\.lake\\build\\ir\\SampleGhost.c --setup C:\\Users\\a\\Documents\\uka.lean\\examples\\sample-ghost\\.lake\\build\\ir\\SampleGhost.setup.json --json",
   "level": "trace"}],
 "inputs":
 [["SampleGhost:deps",
   [["deps",
     [["«sample-ghost»/SampleGhost:extraDep",
       [["@«sample-ghost»:extraDep", "00000000000006bb"]]],
      ["imports",
       [["UkaLean transitive imports (legacy)", "8fa4b45f28563e0e"],
        ["UkaLean:importAllArts", "7e5c8b5c0e92481c"],
        ["SampleGhost.Handlers transitive imports (legacy)",
         "5485a0a02442e06e"],
        ["SampleGhost.Handlers:importAllArts", "36a46dfcbbabdf49"]]]]],
    ["libs",
     [["import dynlibs", "00000000000006bb"],
      ["package external libraries", "00000000000006bb"],
      ["module dynlibs", "00000000000006bb"],
      ["module plugins", "00000000000006bb"]]]]],
  ["Lean 4.28.0, commit 7e01a1bf5c70fc6167d49c345d3bf80596e9a79b",
   "a96bc04a2e5e9630"],
  ["C:\\Users\\a\\Documents\\uka.lean\\examples\\sample-ghost\\SampleGhost.lean",
   "ac827e111624a9f1"],
  ["options",
   [["-Dpp.unicode.fun=true", "9b94070140457fab"],
    ["-DautoImplicit=false", "4a85acb881fd49d0"]]],
  ["Module.leanArgs: #[]", "00000000000006bb"]],
 "depHash": "1774b1e3bdfbd2b4"}